<?xml version="1.0" encoding="UTF-8"?>
<testng-results ignored="0" total="0" passed="0" failed="0" skipped="0">
  <reporter-output>
  </reporter-output>
  <suite started-at="2021-06-10T21:24:51 IST" name="sample_suite" finished-at="2021-06-10T21:24:51 IST" duration-ms="0">
    <groups>
    </groups>
    <test started-at="2021-06-10T21:24:51 IST" name="sample_test" finished-at="2021-06-10T21:24:51 IST" duration-ms="0">
    </test> <!-- sample_test -->
  </suite> <!-- sample_suite -->
</testng-results>
